<?xml version="1.0" encoding="UTF-8"?>
<testng-results ignored="0" total="6" passed="5" failed="1" skipped="0">
  <reporter-output>
  </reporter-output>
  <suite started-at="2024-09-16T14:14:01 IST" name="All Test Suite" finished-at="2024-09-16T14:14:47 IST" duration-ms="46088">
    <groups>
      <group name="Sanity">
        <method signature="LoginTest.TC01_verifyLoginPageTitle()[pri:0, instance:testScript.LoginTest@6b81ce95]" name="TC01_verifyLoginPageTitle" class="testScript.LoginTest"/>
        <method signature="LoginTest.TC02_verifyLoginWithValidCredentials()[pri:0, instance:testScript.LoginTest@6b81ce95]" name="TC02_verifyLoginWithValidCredentials" class="testScript.LoginTest"/>
        <method signature="LoginTest.TC03_verifyLoginWithInvalidData(java.lang.String,java.lang.String)[pri:0, instance:testScript.LoginTest@6b81ce95]" name="TC03_verifyLoginWithInvalidData" class="testScript.LoginTest"/>
      </group> <!-- Sanity -->
      <group name="Regression">
        <method signature="HomeTest.TC01_verifyLoggedInUsername()[pri:0, instance:testScript.HomeTest@9597028]" name="TC01_verifyLoggedInUsername" class="testScript.HomeTest"/>
        <method signature="LoginTest.TC03_verifyLoginWithInvalidData(java.lang.String,java.lang.String)[pri:0, instance:testScript.LoginTest@6b81ce95]" name="TC03_verifyLoginWithInvalidData" class="testScript.LoginTest"/>
      </group> <!-- Regression -->
    </groups>
    <test started-at="2024-09-16T14:14:01 IST" name="Functional Test" finished-at="2024-09-16T14:14:47 IST" duration-ms="46088">
      <class name="testScript.LoginTest">
        <test-method is-config="true" signature="setUp(java.lang.String)[pri:0, instance:testScript.LoginTest@6b81ce95]" started-at="2024-09-16T14:14:01 IST" name="setUp" finished-at="2024-09-16T14:14:07 IST" duration-ms="6256" status="PASS">
          <params>
            <param index="0">
              <value>
                <![CDATA[chrome]]>
              </value>
            </param>
          </params>
          <reporter-output>
          </reporter-output>
        </test-method> <!-- setUp -->
        <test-method signature="TC01_verifyLoginPageTitle()[pri:0, instance:testScript.LoginTest@6b81ce95]" started-at="2024-09-16T14:14:07 IST" name="TC01_verifyLoginPageTitle" finished-at="2024-09-16T14:14:08 IST" duration-ms="437" status="PASS">
          <reporter-output>
          </reporter-output>
        </test-method> <!-- TC01_verifyLoginPageTitle -->
        <test-method is-config="true" signature="tearDown(org.testng.ITestResult)[pri:0, instance:testScript.LoginTest@6b81ce95]" started-at="2024-09-16T14:14:08 IST" name="tearDown" finished-at="2024-09-16T14:14:08 IST" duration-ms="98" status="PASS">
          <params>
            <param index="0">
              <value>
                <![CDATA[[TestResult name=TC01_verifyLoginPageTitle status=SUCCESS method=LoginTest.TC01_verifyLoginPageTitle()[pri:0, instance:testScript.LoginTest@6b81ce95] output={null}]]]>
              </value>
            </param>
          </params>
          <reporter-output>
          </reporter-output>
        </test-method> <!-- tearDown -->
        <test-method is-config="true" signature="setUp(java.lang.String)[pri:0, instance:testScript.LoginTest@6b81ce95]" started-at="2024-09-16T14:14:08 IST" name="setUp" finished-at="2024-09-16T14:14:16 IST" duration-ms="7680" status="PASS">
          <params>
            <param index="0">
              <value>
                <![CDATA[chrome]]>
              </value>
            </param>
          </params>
          <reporter-output>
          </reporter-output>
        </test-method> <!-- setUp -->
        <test-method signature="TC02_verifyLoginWithValidCredentials()[pri:0, instance:testScript.LoginTest@6b81ce95]" started-at="2024-09-16T14:14:16 IST" name="TC02_verifyLoginWithValidCredentials" finished-at="2024-09-16T14:14:20 IST" duration-ms="4046" status="FAIL">
          <exception class="java.lang.AssertionError">
            <message>
              <![CDATA[ERROR: Invalid Title  did not expect [Home - Maxfest Enterprises PVT LTD,Kochi] but found [Home - Maxfest Enterprises PVT LTD,Kochi]]]>
            </message>
            <full-stacktrace>
              <![CDATA[java.lang.AssertionError: ERROR: Invalid Title  did not expect [Home - Maxfest Enterprises PVT LTD,Kochi] but found [Home - Maxfest Enterprises PVT LTD,Kochi]
at org.testng.Assert.fail(Assert.java:111)
at org.testng.Assert.failEquals(Assert.java:1582)
at org.testng.Assert.assertNotEqualsImpl(Assert.java:157)
at org.testng.Assert.assertNotEquals(Assert.java:2201)
at testScript.LoginTest.TC02_verifyLoginWithValidCredentials(LoginTest.java:45)
at java.base/jdk.internal.reflect.NativeMethodAccessorImpl.invoke0(Native Method)
at java.base/jdk.internal.reflect.NativeMethodAccessorImpl.invoke(NativeMethodAccessorImpl.java:77)
at java.base/jdk.internal.reflect.DelegatingMethodAccessorImpl.invoke(DelegatingMethodAccessorImpl.java:43)
at java.base/java.lang.reflect.Method.invoke(Method.java:568)
at org.testng.internal.invokers.MethodInvocationHelper.invokeMethod(MethodInvocationHelper.java:141)
at org.testng.internal.invokers.TestInvoker.invokeMethod(TestInvoker.java:686)
at org.testng.internal.invokers.TestInvoker.invokeTestMethod(TestInvoker.java:230)
at org.testng.internal.invokers.MethodRunner.runInSequence(MethodRunner.java:63)
at org.testng.internal.invokers.TestInvoker$MethodInvocationAgent.invoke(TestInvoker.java:992)
at org.testng.internal.invokers.TestInvoker.invokeTestMethods(TestInvoker.java:203)
at org.testng.internal.invokers.TestMethodWorker.invokeTestMethods(TestMethodWorker.java:154)
at org.testng.internal.invokers.TestMethodWorker.run(TestMethodWorker.java:134)
at java.base/java.util.ArrayList.forEach(ArrayList.java:1511)
at org.testng.TestRunner.privateRun(TestRunner.java:739)
at org.testng.TestRunner.run(TestRunner.java:614)
at org.testng.SuiteRunner.runTest(SuiteRunner.java:421)
at org.testng.SuiteRunner.runSequentially(SuiteRunner.java:413)
at org.testng.SuiteRunner.privateRun(SuiteRunner.java:373)
at org.testng.SuiteRunner.run(SuiteRunner.java:312)
at org.testng.SuiteRunnerWorker.runSuite(SuiteRunnerWorker.java:52)
at org.testng.SuiteRunnerWorker.run(SuiteRunnerWorker.java:95)
at org.testng.TestNG.runSuitesSequentially(TestNG.java:1274)
at org.testng.TestNG.runSuitesLocally(TestNG.java:1208)
at org.testng.TestNG.runSuites(TestNG.java:1112)
at org.testng.TestNG.run(TestNG.java:1079)
at org.apache.maven.surefire.testng.TestNGExecutor.run(TestNGExecutor.java:308)
at org.apache.maven.surefire.testng.TestNGXmlTestSuite.execute(TestNGXmlTestSuite.java:71)
at org.apache.maven.surefire.testng.TestNGProvider.invoke(TestNGProvider.java:113)
at org.apache.maven.surefire.booter.ForkedBooter.runSuitesInProcess(ForkedBooter.java:385)
at org.apache.maven.surefire.booter.ForkedBooter.execute(ForkedBooter.java:162)
at org.apache.maven.surefire.booter.ForkedBooter.run(ForkedBooter.java:507)
at org.apache.maven.surefire.booter.ForkedBooter.main(ForkedBooter.java:495)
]]>
            </full-stacktrace>
          </exception> <!-- java.lang.AssertionError -->
          <reporter-output>
          </reporter-output>
        </test-method> <!-- TC02_verifyLoginWithValidCredentials -->
        <test-method is-config="true" signature="tearDown(org.testng.ITestResult)[pri:0, instance:testScript.LoginTest@6b81ce95]" started-at="2024-09-16T14:14:20 IST" name="tearDown" finished-at="2024-09-16T14:14:20 IST" duration-ms="80" status="PASS">
          <params>
            <param index="0">
              <value>
                <![CDATA[[TestResult name=TC02_verifyLoginWithValidCredentials status=FAILURE method=LoginTest.TC02_verifyLoginWithValidCredentials()[pri:0, instance:testScript.LoginTest@6b81ce95] output={null}]]]>
              </value>
            </param>
          </params>
          <reporter-output>
          </reporter-output>
        </test-method> <!-- tearDown -->
        <test-method is-config="true" signature="setUp(java.lang.String)[pri:0, instance:testScript.LoginTest@6b81ce95]" started-at="2024-09-16T14:14:20 IST" name="setUp" finished-at="2024-09-16T14:14:24 IST" duration-ms="4083" status="PASS">
          <params>
            <param index="0">
              <value>
                <![CDATA[chrome]]>
              </value>
            </param>
          </params>
          <reporter-output>
          </reporter-output>
        </test-method> <!-- setUp -->
        <test-method signature="TC03_verifyLoginWithInvalidData(java.lang.String,java.lang.String)[pri:0, instance:testScript.LoginTest@6b81ce95]" started-at="2024-09-16T14:14:24 IST" name="TC03_verifyLoginWithInvalidData" data-provider="InvalidCredentials" finished-at="2024-09-16T14:14:25 IST" duration-ms="674" status="PASS">
          <params>
            <param index="0">
              <value>
                <![CDATA[seleniumproject]]>
              </value>
            </param>
            <param index="1">
              <value>
                <![CDATA[abc1234]]>
              </value>
            </param>
          </params>
          <reporter-output>
          </reporter-output>
        </test-method> <!-- TC03_verifyLoginWithInvalidData -->
        <test-method is-config="true" signature="tearDown(org.testng.ITestResult)[pri:0, instance:testScript.LoginTest@6b81ce95]" started-at="2024-09-16T14:14:25 IST" name="tearDown" finished-at="2024-09-16T14:14:25 IST" duration-ms="100" status="PASS">
          <params>
            <param index="0">
              <value>
                <![CDATA[[TestResult name=TC03_verifyLoginWithInvalidData status=SUCCESS method=LoginTest.TC03_verifyLoginWithInvalidData(java.lang.String,java.lang.String)[pri:0, instance:testScript.LoginTest@6b81ce95] output={null}]]]>
              </value>
            </param>
          </params>
          <reporter-output>
          </reporter-output>
        </test-method> <!-- tearDown -->
        <test-method is-config="true" signature="setUp(java.lang.String)[pri:0, instance:testScript.LoginTest@6b81ce95]" started-at="2024-09-16T14:14:25 IST" name="setUp" finished-at="2024-09-16T14:14:34 IST" duration-ms="9015" status="PASS">
          <params>
            <param index="0">
              <value>
                <![CDATA[chrome]]>
              </value>
            </param>
          </params>
          <reporter-output>
          </reporter-output>
        </test-method> <!-- setUp -->
        <test-method signature="TC03_verifyLoginWithInvalidData(java.lang.String,java.lang.String)[pri:0, instance:testScript.LoginTest@6b81ce95]" started-at="2024-09-16T14:14:34 IST" name="TC03_verifyLoginWithInvalidData" data-provider="InvalidCredentials" finished-at="2024-09-16T14:14:34 IST" duration-ms="644" status="PASS">
          <params>
            <param index="0">
              <value>
                <![CDATA[selenium1]]>
              </value>
            </param>
            <param index="1">
              <value>
                <![CDATA[test@1234]]>
              </value>
            </param>
          </params>
          <reporter-output>
          </reporter-output>
        </test-method> <!-- TC03_verifyLoginWithInvalidData -->
        <test-method is-config="true" signature="tearDown(org.testng.ITestResult)[pri:0, instance:testScript.LoginTest@6b81ce95]" started-at="2024-09-16T14:14:34 IST" name="tearDown" finished-at="2024-09-16T14:14:34 IST" duration-ms="85" status="PASS">
          <params>
            <param index="0">
              <value>
                <![CDATA[[TestResult name=TC03_verifyLoginWithInvalidData status=SUCCESS method=LoginTest.TC03_verifyLoginWithInvalidData(java.lang.String,java.lang.String)[pri:0, instance:testScript.LoginTest@6b81ce95] output={null}]]]>
              </value>
            </param>
          </params>
          <reporter-output>
          </reporter-output>
        </test-method> <!-- tearDown -->
        <test-method is-config="true" signature="setUp(java.lang.String)[pri:0, instance:testScript.LoginTest@6b81ce95]" started-at="2024-09-16T14:14:34 IST" name="setUp" finished-at="2024-09-16T14:14:41 IST" duration-ms="6162" status="PASS">
          <params>
            <param index="0">
              <value>
                <![CDATA[chrome]]>
              </value>
            </param>
          </params>
          <reporter-output>
          </reporter-output>
        </test-method> <!-- setUp -->
        <test-method signature="TC03_verifyLoginWithInvalidData(java.lang.String,java.lang.String)[pri:0, instance:testScript.LoginTest@6b81ce95]" started-at="2024-09-16T14:14:41 IST" name="TC03_verifyLoginWithInvalidData" data-provider="InvalidCredentials" finished-at="2024-09-16T14:14:41 IST" duration-ms="639" status="PASS">
          <params>
            <param index="0">
              <value>
                <![CDATA[selenium2]]>
              </value>
            </param>
            <param index="1">
              <value>
                <![CDATA[abc789]]>
              </value>
            </param>
          </params>
          <reporter-output>
          </reporter-output>
        </test-method> <!-- TC03_verifyLoginWithInvalidData -->
        <test-method is-config="true" signature="tearDown(org.testng.ITestResult)[pri:0, instance:testScript.LoginTest@6b81ce95]" started-at="2024-09-16T14:14:41 IST" name="tearDown" finished-at="2024-09-16T14:14:41 IST" duration-ms="92" status="PASS">
          <params>
            <param index="0">
              <value>
                <![CDATA[[TestResult name=TC03_verifyLoginWithInvalidData status=SUCCESS method=LoginTest.TC03_verifyLoginWithInvalidData(java.lang.String,java.lang.String)[pri:0, instance:testScript.LoginTest@6b81ce95] output={null}]]]>
              </value>
            </param>
          </params>
          <reporter-output>
          </reporter-output>
        </test-method> <!-- tearDown -->
      </class> <!-- testScript.LoginTest -->
      <class name="testScript.HomeTest">
        <test-method is-config="true" signature="setUp(java.lang.String)[pri:0, instance:testScript.HomeTest@9597028]" started-at="2024-09-16T14:14:41 IST" name="setUp" finished-at="2024-09-16T14:14:45 IST" duration-ms="3400" status="PASS">
          <params>
            <param index="0">
              <value>
                <![CDATA[chrome]]>
              </value>
            </param>
          </params>
          <reporter-output>
          </reporter-output>
        </test-method> <!-- setUp -->
        <test-method signature="TC01_verifyLoggedInUsername()[pri:0, instance:testScript.HomeTest@9597028]" started-at="2024-09-16T14:14:45 IST" name="TC01_verifyLoggedInUsername" finished-at="2024-09-16T14:14:47 IST" duration-ms="2290" status="PASS">
          <reporter-output>
          </reporter-output>
        </test-method> <!-- TC01_verifyLoggedInUsername -->
        <test-method is-config="true" signature="tearDown(org.testng.ITestResult)[pri:0, instance:testScript.HomeTest@9597028]" started-at="2024-09-16T14:14:47 IST" name="tearDown" finished-at="2024-09-16T14:14:47 IST" duration-ms="93" status="PASS">
          <params>
            <param index="0">
              <value>
                <![CDATA[[TestResult name=TC01_verifyLoggedInUsername status=SUCCESS method=HomeTest.TC01_verifyLoggedInUsername()[pri:0, instance:testScript.HomeTest@9597028] output={null}]]]>
              </value>
            </param>
          </params>
          <reporter-output>
          </reporter-output>
        </test-method> <!-- tearDown -->
      </class> <!-- testScript.HomeTest -->
    </test> <!-- Functional Test -->
  </suite> <!-- All Test Suite -->
</testng-results>
