<?xml version="1.0" encoding="UTF-8"?>
<!-- Generated by org.testng.reporters.JUnitXMLReporter -->
<testsuite ignored="0" hostname="DESKTOP-SI180QA" failures="1" tests="6" name="Functional Test" time="46.088" errors="0" timestamp="2024-09-16T14:14:47 IST">
  <testcase classname="testScript.LoginTest" name="TC01_verifyLoginPageTitle" time="0.437"/>
  <testcase classname="testScript.LoginTest" name="TC02_verifyLoginWithValidCredentials" time="4.046">
    <failure type="java.lang.AssertionError" message="ERROR: Invalid Title  did not expect [Home - Maxfest Enterprises PVT LTD,Kochi] but found [Home - Maxfest Enterprises PVT LTD,Kochi]">
      <![CDATA[java.lang.AssertionError: ERROR: Invalid Title  did not expect [Home - Maxfest Enterprises PVT LTD,Kochi] but found [Home - Maxfest Enterprises PVT LTD,Kochi]
at testScript.LoginTest.TC02_verifyLoginWithValidCredentials(LoginTest.java:45)
at java.base/java.util.ArrayList.forEach(ArrayList.java:1511)
... Removed 35 stack frames]]>
    </failure>
  </testcase> <!-- TC02_verifyLoginWithValidCredentials -->
  <testcase classname="testScript.LoginTest" name="TC03_verifyLoginWithInvalidData" time="0.674"/>
  <testcase classname="testScript.LoginTest" name="TC03_verifyLoginWithInvalidData" time="0.644"/>
  <testcase classname="testScript.LoginTest" name="TC03_verifyLoginWithInvalidData" time="0.639"/>
  <testcase classname="testScript.HomeTest" name="TC01_verifyLoggedInUsername" time="2.29"/>
</testsuite> <!-- Functional Test -->
